<?xml version="1.0" encoding="UTF-8"?>
<testsuite name="com.wlgdo.avatar.service.AvatarServiceApplicationTests" tests="1" skipped="0" failures="0" errors="0" timestamp="2019-04-26T05:49:52" hostname="WangLigang" time="0.236">
  <properties/>
  <testcase name="contextLoads" classname="com.wlgdo.avatar.service.AvatarServiceApplicationTests" time="0.236"/>
  <system-out><![CDATA[13:49:47.257 [Test worker] DEBUG org.springframework.test.context.junit4.SpringJUnit4ClassRunner - SpringJUnit4ClassRunner constructor called with [class com.wlgdo.avatar.service.AvatarServiceApplicationTests]
13:49:47.266 [Test worker] DEBUG org.springframework.test.context.BootstrapUtils - Instantiating CacheAwareContextLoaderDelegate from class [org.springframework.test.context.cache.DefaultCacheAwareContextLoaderDelegate]
13:49:47.277 [Test worker] DEBUG org.springframework.test.context.BootstrapUtils - Instantiating BootstrapContext using constructor [public org.springframework.test.context.support.DefaultBootstrapContext(java.lang.Class,org.springframework.test.context.CacheAwareContextLoaderDelegate)]
13:49:47.304 [Test worker] DEBUG org.springframework.test.context.BootstrapUtils - Instantiating TestContextBootstrapper for test class [com.wlgdo.avatar.service.AvatarServiceApplicationTests] from class [org.springframework.boot.test.context.SpringBootTestContextBootstrapper]
13:49:47.325 [Test worker] INFO org.springframework.boot.test.context.SpringBootTestContextBootstrapper - Neither @ContextConfiguration nor @ContextHierarchy found for test class [com.wlgdo.avatar.service.AvatarServiceApplicationTests], using SpringBootContextLoader
13:49:47.329 [Test worker] DEBUG org.springframework.test.context.support.AbstractContextLoader - Did not detect default resource location for test class [com.wlgdo.avatar.service.AvatarServiceApplicationTests]: class path resource [com/wlgdo/avatar/service/AvatarServiceApplicationTests-context.xml] does not exist
13:49:47.330 [Test worker] DEBUG org.springframework.test.context.support.AbstractContextLoader - Did not detect default resource location for test class [com.wlgdo.avatar.service.AvatarServiceApplicationTests]: class path resource [com/wlgdo/avatar/service/AvatarServiceApplicationTestsContext.groovy] does not exist
13:49:47.330 [Test worker] INFO org.springframework.test.context.support.AbstractContextLoader - Could not detect default resource locations for test class [com.wlgdo.avatar.service.AvatarServiceApplicationTests]: no resource found for suffixes {-context.xml, Context.groovy}.
13:49:47.332 [Test worker] INFO org.springframework.test.context.support.AnnotationConfigContextLoaderUtils - Could not detect default configuration classes for test class [com.wlgdo.avatar.service.AvatarServiceApplicationTests]: AvatarServiceApplicationTests does not declare any static, non-private, non-final, nested classes annotated with @Configuration.
13:49:47.401 [Test worker] DEBUG org.springframework.test.context.support.ActiveProfilesUtils - Could not find an 'annotation declaring class' for annotation type [org.springframework.test.context.ActiveProfiles] and class [com.wlgdo.avatar.service.AvatarServiceApplicationTests]
13:49:47.495 [Test worker] DEBUG org.springframework.context.annotation.ClassPathScanningCandidateComponentProvider - Identified candidate component class: file [C:\Users\acer\git\avatars\avatar-service\build\classes\java\main\com\wlgdo\avatar\service\AvatarServiceApplication.class]
13:49:47.497 [Test worker] INFO org.springframework.boot.test.context.SpringBootTestContextBootstrapper - Found @SpringBootConfiguration com.wlgdo.avatar.service.AvatarServiceApplication for test class com.wlgdo.avatar.service.AvatarServiceApplicationTests
13:49:47.616 [Test worker] DEBUG org.springframework.boot.test.context.SpringBootTestContextBootstrapper - @TestExecutionListeners is not present for class [com.wlgdo.avatar.service.AvatarServiceApplicationTests]: using defaults.
13:49:47.617 [Test worker] INFO org.springframework.boot.test.context.SpringBootTestContextBootstrapper - Loaded default TestExecutionListener class names from location [META-INF/spring.factories]: [org.springframework.boot.test.autoconfigure.restdocs.RestDocsTestExecutionListener, org.springframework.boot.test.autoconfigure.web.client.MockRestServiceServerResetTestExecutionListener, org.springframework.boot.test.autoconfigure.web.servlet.MockMvcPrintOnlyOnFailureTestExecutionListener, org.springframework.boot.test.autoconfigure.web.servlet.WebDriverTestExecutionListener, org.springframework.boot.test.mock.mockito.MockitoTestExecutionListener, org.springframework.boot.test.mock.mockito.ResetMocksTestExecutionListener, org.springframework.test.context.web.ServletTestExecutionListener, org.springframework.test.context.support.DirtiesContextBeforeModesTestExecutionListener, org.springframework.test.context.support.DependencyInjectionTestExecutionListener, org.springframework.test.context.support.DirtiesContextTestExecutionListener, org.springframework.test.context.transaction.TransactionalTestExecutionListener, org.springframework.test.context.jdbc.SqlScriptsTestExecutionListener]
13:49:47.647 [Test worker] INFO org.springframework.boot.test.context.SpringBootTestContextBootstrapper - Using TestExecutionListeners: [org.springframework.test.context.web.ServletTestExecutionListener@2b529bf2, org.springframework.test.context.support.DirtiesContextBeforeModesTestExecutionListener@12f81109, org.springframework.boot.test.mock.mockito.MockitoTestExecutionListener@4c11e5eb, org.springframework.boot.test.autoconfigure.SpringBootDependencyInjectionTestExecutionListener@60602523, org.springframework.test.context.support.DirtiesContextTestExecutionListener@5f52afd6, org.springframework.test.context.transaction.TransactionalTestExecutionListener@d709d6c, org.springframework.test.context.jdbc.SqlScriptsTestExecutionListener@4e8d0f94, org.springframework.boot.test.autoconfigure.restdocs.RestDocsTestExecutionListener@2fa5725b, org.springframework.boot.test.autoconfigure.web.client.MockRestServiceServerResetTestExecutionListener@65c34466, org.springframework.boot.test.autoconfigure.web.servlet.MockMvcPrintOnlyOnFailureTestExecutionListener@6c512e4f, org.springframework.boot.test.autoconfigure.web.servlet.WebDriverTestExecutionListener@4a867dfe, org.springframework.boot.test.mock.mockito.ResetMocksTestExecutionListener@4eb5e95f]
13:49:47.651 [Test worker] DEBUG org.springframework.test.annotation.ProfileValueUtils - Retrieved @ProfileValueSourceConfiguration [null] for test class [com.wlgdo.avatar.service.AvatarServiceApplicationTests]
13:49:47.652 [Test worker] DEBUG org.springframework.test.annotation.ProfileValueUtils - Retrieved ProfileValueSource type [class org.springframework.test.annotation.SystemProfileValueSource] for class [com.wlgdo.avatar.service.AvatarServiceApplicationTests]
13:49:47.653 [Test worker] DEBUG org.springframework.test.annotation.ProfileValueUtils - Retrieved @ProfileValueSourceConfiguration [null] for test class [com.wlgdo.avatar.service.AvatarServiceApplicationTests]
13:49:47.653 [Test worker] DEBUG org.springframework.test.annotation.ProfileValueUtils - Retrieved ProfileValueSource type [class org.springframework.test.annotation.SystemProfileValueSource] for class [com.wlgdo.avatar.service.AvatarServiceApplicationTests]
13:49:47.661 [Test worker] DEBUG org.springframework.test.context.support.AbstractDirtiesContextTestExecutionListener - Before test class: context [DefaultTestContext@1cc4bdcb testClass = AvatarServiceApplicationTests, testInstance = [null], testMethod = [null], testException = [null], mergedContextConfiguration = [WebMergedContextConfiguration@62576c85 testClass = AvatarServiceApplicationTests, locations = '{}', classes = '{class com.wlgdo.avatar.service.AvatarServiceApplication}', contextInitializerClasses = '[]', activeProfiles = '{}', propertySourceLocations = '{}', propertySourceProperties = '{org.springframework.boot.test.context.SpringBootTestContextBootstrapper=true}', contextCustomizers = set[org.springframework.boot.test.autoconfigure.properties.PropertyMappingContextCustomizer@0, org.springframework.boot.test.autoconfigure.web.servlet.WebDriverContextCustomizerFactory$Customizer@119a20db, org.springframework.boot.test.context.filter.ExcludeFilterContextCustomizer@1749a466, org.springframework.boot.test.json.DuplicateJsonObjectContextCustomizerFactory$DuplicateJsonObjectContextCustomizer@52b867f9, org.springframework.boot.test.mock.mockito.MockitoContextCustomizer@0, org.springframework.boot.test.web.client.TestRestTemplateContextCustomizer@3a0e241d], resourceBasePath = 'src/main/webapp', contextLoader = 'org.springframework.boot.test.context.SpringBootContextLoader', parent = [null]], attributes = map['org.springframework.test.context.web.ServletTestExecutionListener.activateListener' -> true]], class annotated with @DirtiesContext [false] with mode [null].
13:49:47.662 [Test worker] DEBUG org.springframework.test.annotation.ProfileValueUtils - Retrieved @ProfileValueSourceConfiguration [null] for test class [com.wlgdo.avatar.service.AvatarServiceApplicationTests]
13:49:47.662 [Test worker] DEBUG org.springframework.test.annotation.ProfileValueUtils - Retrieved ProfileValueSource type [class org.springframework.test.annotation.SystemProfileValueSource] for class [com.wlgdo.avatar.service.AvatarServiceApplicationTests]
13:49:47.690 [Test worker] DEBUG org.springframework.test.context.support.TestPropertySourceUtils - Adding inlined properties to environment: {spring.jmx.enabled=false, org.springframework.boot.test.context.SpringBootTestContextBootstrapper=true, server.port=-1}

  ████████▄  ███    █▄  ?█████████▄  ?█████████▄   ▄██████▄  
  ███   ?███ ███    ███   ███    ███   ███    ███ ███    ███ 
  ███    ███ ███    ███   ███    ███   ███    ███ ███    ███ 
  ███    ███ ███    ███  ▄███▄▄▄██?   ▄███▄▄▄██?  ███    ███ 
  ███    ███ ███    ███ ??███???██▄  ??███???██▄  ███    ███ 
  ███    ███ ███    ███   ███    ██▄   ███    ██▄ ███    ███ 
  ███   ▄███ ███    ███   ███    ███   ███    ███ ███    ███ 
  ████████?  ████████?  ▄█████████?  ▄█████████?   ?██████?  
                                                             

 :: Dubbo ::        (v2.6.0)

  .   ____          _            __ _ _
 /\\ / ___'_ __ _ _(_)_ __  __ _ \ \ \ \
( ( )\___ | '_ | '_| | '_ \/ _` | \ \ \ \
 \\/  ___)| |_)| | | | | || (_| |  ) ) ) )
  '  |____| .__|_| |_|_| |_\__, | / / / /
 =========|_|==============|___/=/_/_/_/
 :: Spring Boot ::        (v2.1.4.RELEASE)

2019-04-26 13:49:47.995  INFO 695696 --- [    Test worker] c.w.a.s.AvatarServiceApplicationTests    : Starting AvatarServiceApplicationTests on WangLigang with PID 695696 (started by acer in C:\Users\acer\git\avatars\avatar-service)
2019-04-26 13:49:47.996  INFO 695696 --- [    Test worker] c.w.a.s.AvatarServiceApplicationTests    : No active profile set, falling back to default profiles: default
2019-04-26 13:49:49.525  INFO 695696 --- [    Test worker] trationDelegate$BeanPostProcessorChecker : Bean 'spring.dubbo-com.alibaba.dubbo.spring.boot.DubboProperties' of type [com.alibaba.dubbo.spring.boot.DubboProperties] is not eligible for getting processed by all BeanPostProcessors (for example: not eligible for auto-proxying)
2019-04-26 13:49:49.538  INFO 695696 --- [    Test worker] trationDelegate$BeanPostProcessorChecker : Bean 'org.springframework.transaction.annotation.ProxyTransactionManagementConfiguration' of type [org.springframework.transaction.annotation.ProxyTransactionManagementConfiguration$$EnhancerBySpringCGLIB$$c7048582] is not eligible for getting processed by all BeanPostProcessors (for example: not eligible for auto-proxying)
2019-04-26 13:49:49.576  INFO 695696 --- [    Test worker] trationDelegate$BeanPostProcessorChecker : Bean 'com.alibaba.dubbo.spring.boot.DubboConsumerAutoConfiguration' of type [com.alibaba.dubbo.spring.boot.DubboConsumerAutoConfiguration$$EnhancerBySpringCGLIB$$11f1ea4] is not eligible for getting processed by all BeanPostProcessors (for example: not eligible for auto-proxying)
2019-04-26 13:49:50.857  INFO 695696 --- [    Test worker] o.s.s.concurrent.ThreadPoolTaskExecutor  : Initializing ExecutorService 'applicationTaskExecutor'
2019-04-26 13:49:51.556  INFO 695696 --- [-127.0.0.1:2181] org.I0Itec.zkclient.ZkEventThread        : Starting ZkClient event thread.
2019-04-26 13:49:51.565  INFO 695696 --- [clientConnector] org.apache.zookeeper.ZooKeeper           : Client environment:zookeeper.version=3.4.8--1, built on 02/06/2016 03:18 GMT
2019-04-26 13:49:51.565  INFO 695696 --- [clientConnector] org.apache.zookeeper.ZooKeeper           : Client environment:host.name=WangLigang
2019-04-26 13:49:51.566  INFO 695696 --- [clientConnector] org.apache.zookeeper.ZooKeeper           : Client environment:java.version=1.8.0_121
2019-04-26 13:49:51.566  INFO 695696 --- [clientConnector] org.apache.zookeeper.ZooKeeper           : Client environment:java.vendor=Oracle Corporation
2019-04-26 13:49:51.566  INFO 695696 --- [clientConnector] org.apache.zookeeper.ZooKeeper           : Client environment:java.home=C:\Program Files (x86)\Java\java8\jre
2019-04-26 13:49:51.566  INFO 695696 --- [clientConnector] org.apache.zookeeper.ZooKeeper           : Client environment:java.class.path=C:\Users\acer\git\avatars\avatar-service\build\classes\java\test;C:\Users\acer\git\avatars\avatar-service\build\resources\test;C:\Users\acer\git\avatars\avatar-service\build\classes\java\main;C:\Users\acer\git\avatars\avatar-service\build\resources\main;C:\Users\acer\git\avatars\avatar-api\build\libs\avatar-api-1.0-SNAPSHOT.jar;C:\mavenresp\org\springframework\boot\spring-boot-starter-web\2.1.0.RELEASE\spring-boot-starter-web-2.1.0.RELEASE.jar;C:\mavenresp\com\alibaba\spring\boot\dubbo-spring-boot-starter\2.0.0\dubbo-spring-boot-starter-2.0.0.jar;C:\mavenresp\com\101tec\zkclient\0.10\zkclient-0.10.jar;F:\devtools\gradle-4.9\caches\modules-2\files-2.1\org.mybatis.spring.boot\mybatis-spring-boot-starter\2.0.1\9a3c5f767fbc63ccdfaf24b66b0de6dd3f1653f8\mybatis-spring-boot-starter-2.0.1.jar;F:\devtools\gradle-4.9\caches\modules-2\files-2.1\com.alibaba\druid\1.0.11\f3362050d9c28bc408568b07d71e25b3b28e25dd\druid-1.0.11.jar;F:\devtools\gradle-4.9\caches\modules-2\files-2.1\mysql\mysql-connector-java\8.0.15\1cd928d0f1a93563993ce1d8b468217ea0d19b11\mysql-connector-java-8.0.15.jar;C:\mavenresp\org\springframework\boot\spring-boot-starter-test\2.1.0.RELEASE\spring-boot-starter-test-2.1.0.RELEASE.jar;C:\mavenresp\junit\junit\4.12\junit-4.12.jar;F:\devtools\gradle-4.9\caches\modules-2\files-2.1\org.springframework.boot\spring-boot-starter-json\2.1.4.RELEASE\247d7c2efae986f310a29e9fef7174adc91d0835\spring-boot-starter-json-2.1.4.RELEASE.jar;F:\devtools\gradle-4.9\caches\modules-2\files-2.1\org.springframework.boot\spring-boot-starter-actuator\2.1.4.RELEASE\3f3897febeecb4c3243e5a31bee769e4d9fd9445\spring-boot-starter-actuator-2.1.4.RELEASE.jar;F:\devtools\gradle-4.9\caches\modules-2\files-2.1\org.springframework.boot\spring-boot-starter-jdbc\2.1.4.RELEASE\1e5b6ff541d77655f3295d2f1d66f90f50b58f03\spring-boot-starter-jdbc-2.1.4.RELEASE.jar;F:\devtools\gradle-4.9\caches\modules-2\files-2.1\org.springframework.boot\spring-boot-starter\2.1.4.RELEASE\8fa436ef4e273cb476d5dc3aa73701a8837460af\spring-boot-starter-2.1.4.RELEASE.jar;F:\devtools\gradle-4.9\caches\modules-2\files-2.1\org.springframework.boot\spring-boot-starter-tomcat\2.1.4.RELEASE\3b0c04450d86fc29c9fdad555b4555e553a4008\spring-boot-starter-tomcat-2.1.4.RELEASE.jar;F:\devtools\gradle-4.9\caches\modules-2\files-2.1\org.hibernate.validator\hibernate-validator\6.0.16.Final\ad9557c558972093c0567a2a1f224f318c00f650\hibernate-validator-6.0.16.Final.jar;F:\devtools\gradle-4.9\caches\modules-2\files-2.1\org.springframework\spring-webmvc\5.1.6.RELEASE\cf4ea53740c93e0b8ff951ef0a3eaf154c74dbd0\spring-webmvc-5.1.6.RELEASE.jar;C:\mavenresp\com\alibaba\dubbo\2.6.0\dubbo-2.6.0.jar;F:\devtools\gradle-4.9\caches\modules-2\files-2.1\org.springframework\spring-web\5.1.6.RELEASE\4e15a24feba0581a02efd508af03a15b05570bd4\spring-web-5.1.6.RELEASE.jar;C:\mavenresp\org\apache\zookeeper\zookeeper\3.4.8\zookeeper-3.4.8.jar;C:\mavenresp\com\jayway\jsonpath\json-path\2.4.0\json-path-2.4.0.jar;C:\mavenresp\com\zaxxer\HikariCP\3.2.0\HikariCP-3.2.0.jar;F:\devtools\gradle-4.9\caches\modules-2\files-2.1\org.springframework.boot\spring-boot-starter-logging\2.1.4.RELEASE\2fb669a89cd65b275be20ab755c3742399395dff\spring-boot-starter-logging-2.1.4.RELEASE.jar;C:\mavenresp\ch\qos\logback\logback-classic\1.2.3\logback-classic-1.2.3.jar;F:\devtools\gradle-4.9\caches\modules-2\files-2.1\org.apache.logging.log4j\log4j-to-slf4j\2.11.2\6d37bf7b046c0ce2669f26b99365a2cfa45c4c18\log4j-to-slf4j-2.11.2.jar;F:\devtools\gradle-4.9\caches\modules-2\files-2.1\org.slf4j\jul-to-slf4j\1.7.26\8031352b2bb0a49e67818bf04c027aa92e645d5c\jul-to-slf4j-1.7.26.jar;F:\devtools\gradle-4.9\caches\modules-2\files-2.1\org.slf4j\slf4j-api\1.7.26\77100a62c2e6f04b53977b9f541044d7d722693d\slf4j-api-1.7.26.jar;F:\devtools\gradle-4.9\caches\modules-2\files-2.1\org.mybatis.spring.boot\mybatis-spring-boot-autoconfigure\2.0.1\61cc9088196909a549839c919b083c1721ab4b60\mybatis-spring-boot-autoconfigure-2.0.1.jar;F:\devtools\gradle-4.9\caches\modules-2\files-2.1\org.mybatis\mybatis\3.5.1\f30bc9bd00bad020ecb07d45ed229cd1410b9718\mybatis-3.5.1.jar;F:\devtools\gradle-4.9\caches\modules-2\files-2.1\org.mybatis\mybatis-spring\2.0.1\752c8dd1f2ed597b90d48fbf4426f20663a16fcb\mybatis-spring-2.0.1.jar;C:\mavenresp\org\hamcrest\hamcrest-library\1.3\hamcrest-library-1.3.jar;C:\mavenresp\org\hamcrest\hamcrest-core\1.3\hamcrest-core-1.3.jar;F:\devtools\gradle-4.9\caches\modules-2\files-2.1\org.springframework.boot\spring-boot-test-autoconfigure\2.1.4.RELEASE\6321ef3b715ffa5cfedcd98bf58ba1e8596d17e7\spring-boot-test-autoconfigure-2.1.4.RELEASE.jar;F:\devtools\gradle-4.9\caches\modules-2\files-2.1\org.springframework.boot\spring-boot-test\2.1.4.RELEASE\a409d8e6aa654520e7dc7e92332b307a8bf4acdb\spring-boot-test-2.1.4.RELEASE.jar;C:\mavenresp\org\assertj\assertj-core\3.11.1\assertj-core-3.11.1.jar;F:\devtools\gradle-4.9\caches\modules-2\files-2.1\org.mockito\mockito-core\2.23.4\a35b6f8ffcfa786771eac7d7d903429e790fdf3f\mockito-core-2.23.4.jar;C:\mavenresp\org\skyscreamer\jsonassert\1.5.0\jsonassert-1.5.0.jar;F:\devtools\gradle-4.9\caches\modules-2\files-2.1\org.springframework\spring-test\5.1.6.RELEASE\3f419c32390d4adabe431d726996479d799cec0e\spring-test-5.1.6.RELEASE.jar;F:\devtools\gradle-4.9\caches\modules-2\files-2.1\org.springframework.boot\spring-boot-actuator-autoconfigure\2.1.4.RELEASE\c17cc820eb7c4b1a95d05aaac806c3acc784c01\spring-boot-actuator-autoconfigure-2.1.4.RELEASE.jar;F:\devtools\gradle-4.9\caches\modules-2\files-2.1\org.springframework.boot\spring-boot-autoconfigure\2.1.4.RELEASE\d5f8b3f7835a23b4dfd8d1489d265c1e426e317b\spring-boot-autoconfigure-2.1.4.RELEASE.jar;F:\devtools\gradle-4.9\caches\modules-2\files-2.1\org.springframework.boot\spring-boot-actuator\2.1.4.RELEASE\fdafe5167dc886e116cf07ef552a4229e93883af\spring-boot-actuator-2.1.4.RELEASE.jar;F:\devtools\gradle-4.9\caches\modules-2\files-2.1\org.springframework.boot\spring-boot\2.1.4.RELEASE\5ad0355a8c810b32b9221b9b92746b51c983337f\spring-boot-2.1.4.RELEASE.jar;F:\devtools\gradle-4.9\caches\modules-2\files-2.1\org.springframework\spring-context\5.1.6.RELEASE\7b9e80ab68ee91ca0462a0eb2c58a9d957788b\spring-context-5.1.6.RELEASE.jar;F:\devtools\gradle-4.9\caches\modules-2\files-2.1\org.springframework\spring-expression\5.1.6.RELEASE\50fe4080029e43e7612e50fb4d7c7c43e95bf03c\spring-expression-5.1.6.RELEASE.jar;F:\devtools\gradle-4.9\caches\modules-2\files-2.1\org.springframework\spring-jdbc\5.1.6.RELEASE\6212f7015d4ffd7091558d9c0d6aadf6db8ca058\spring-jdbc-5.1.6.RELEASE.jar;F:\devtools\gradle-4.9\caches\modules-2\files-2.1\org.springframework\spring-aop\5.1.6.RELEASE\a473d4bca7295f2b90522594e413f9e19107c1d2\spring-aop-5.1.6.RELEASE.jar;F:\devtools\gradle-4.9\caches\modules-2\files-2.1\org.springframework\spring-tx\5.1.6.RELEASE\e1c6de29a9f9b6ded22133fd0cfdc4366a431cc2\spring-tx-5.1.6.RELEASE.jar;F:\devtools\gradle-4.9\caches\modules-2\files-2.1\org.springframework\spring-beans\5.1.6.RELEASE\90d2f4bf7eced108de0b5bf617abb2b13a6206a3\spring-beans-5.1.6.RELEASE.jar;F:\devtools\gradle-4.9\caches\modules-2\files-2.1\org.springframework\spring-core\5.1.6.RELEASE\9329591e728ef9844911e082e399f4fc3e3ecb37\spring-core-5.1.6.RELEASE.jar;C:\mavenresp\org\xmlunit\xmlunit-core\2.6.2\xmlunit-core-2.6.2.jar;C:\mavenresp\javax\annotation\javax.annotation-api\1.3.2\javax.annotation-api-1.3.2.jar;C:\mavenresp\org\yaml\snakeyaml\1.23\snakeyaml-1.23.jar;F:\devtools\gradle-4.9\caches\modules-2\files-2.1\com.fasterxml.jackson.datatype\jackson-datatype-jdk8\2.9.8\bcd02aa9195390e23747ed40bf76be869ad3a2fb\jackson-datatype-jdk8-2.9.8.jar;F:\devtools\gradle-4.9\caches\modules-2\files-2.1\com.fasterxml.jackson.datatype\jackson-datatype-jsr310\2.9.8\28ad1bced632ba338e51c825a652f6e11a8e6eac\jackson-datatype-jsr310-2.9.8.jar;F:\devtools\gradle-4.9\caches\modules-2\files-2.1\com.fasterxml.jackson.module\jackson-module-parameter-names\2.9.8\c4eef0e6e20d60fb27af4bc4770dba7bcc3f6de6\jackson-module-parameter-names-2.9.8.jar;F:\devtools\gradle-4.9\caches\modules-2\files-2.1\com.fasterxml.jackson.core\jackson-databind\2.9.8\11283f21cc480aa86c4df7a0a3243ec508372ed2\jackson-databind-2.9.8.jar;F:\devtools\gradle-4.9\caches\modules-2\files-2.1\org.apache.tomcat.embed\tomcat-embed-websocket\9.0.17\a786505cc2697f7f2d8693c0c318270cc8addd92\tomcat-embed-websocket-9.0.17.jar;F:\devtools\gradle-4.9\caches\modules-2\files-2.1\org.apache.tomcat.embed\tomcat-embed-core\9.0.17\aacb92c34eb2e88f38a060c9fcaaae329a79c9ca\tomcat-embed-core-9.0.17.jar;F:\devtools\gradle-4.9\caches\modules-2\files-2.1\org.apache.tomcat.embed\tomcat-embed-el\9.0.17\595fbb87426e23f27c71b267f22b6e7d2a91a2aa\tomcat-embed-el-9.0.17.jar;C:\mavenresp\javax\validation\validation-api\2.0.1.Final\validation-api-2.0.1.Final.jar;C:\mavenresp\org\jboss\logging\jboss-logging\3.3.2.Final\jboss-logging-3.3.2.Final.jar;C:\mavenresp\com\fasterxml\classmate\1.4.0\classmate-1.4.0.jar;C:\mavenresp\org\javassist\javassist\3.20.0-GA\javassist-3.20.0-GA.jar;C:\mavenresp\org\jboss\netty\netty\3.2.5.Final\netty-3.2.5.Final.jar;F:\devtools\gradle-4.9\caches\modules-2\files-2.1\io.micrometer\micrometer-core\1.1.4\96eabfe2343a4a4676d215b2122cbbc4d4b6af9b\micrometer-core-1.1.4.jar;F:\devtools\gradle-4.9\caches\modules-2\files-2.1\org.slf4j\slf4j-log4j12\1.7.26\12f5c685b71c3027fd28bcf90528ec4ec74bf818\slf4j-log4j12-1.7.26.jar;C:\mavenresp\log4j\log4j\1.2.16\log4j-1.2.16.jar;C:\mavenresp\jline\jline\0.9.94\jline-0.9.94.jar;C:\mavenresp\io\netty\netty\3.7.0.Final\netty-3.7.0.Final.jar;C:\mavenresp\net\minidev\json-smart\2.3\json-smart-2.3.jar;F:\devtools\gradle-4.9\caches\modules-2\files-2.1\net.bytebuddy\byte-buddy\1.9.12\39050dbbd36862ea87eb9a64158854b04619ccd6\byte-buddy-1.9.12.jar;F:\devtools\gradle-4.9\caches\modules-2\files-2.1\net.bytebuddy\byte-buddy-agent\1.9.12\e00a8edb67b99217cab8ade01f1f1183c15d669e\byte-buddy-agent-1.9.12.jar;C:\mavenresp\org\objenesis\objenesis\2.6\objenesis-2.6.jar;C:\mavenresp\com\vaadin\external\google\android-json\0.0.20131108.vaadin1\android-json-0.0.20131108.vaadin1.jar;F:\devtools\gradle-4.9\caches\modules-2\files-2.1\org.springframework\spring-jcl\5.1.6.RELEASE\a4ad3c98c7cc31357e94e12772c8e6449522bc5\spring-jcl-5.1.6.RELEASE.jar;C:\mavenresp\com\fasterxml\jackson\core\jackson-annotations\2.9.0\jackson-annotations-2.9.0.jar;F:\devtools\gradle-4.9\caches\modules-2\files-2.1\com.fasterxml.jackson.core\jackson-core\2.9.8\f5a654e4675769c716e5b387830d19b501ca191\jackson-core-2.9.8.jar;C:\mavenresp\org\hdrhistogram\HdrHistogram\2.1.9\HdrHistogram-2.1.9.jar;C:\mavenresp\org\latencyutils\LatencyUtils\2.0.3\LatencyUtils-2.0.3.jar;C:\mavenresp\net\minidev\accessors-smart\1.2\accessors-smart-1.2.jar;C:\mavenresp\ch\qos\logback\logback-core\1.2.3\logback-core-1.2.3.jar;F:\devtools\gradle-4.9\caches\modules-2\files-2.1\org.apache.logging.log4j\log4j-api\2.11.2\f5e9a2ffca496057d6891a3de65128efc636e26e\log4j-api-2.11.2.jar;C:\mavenresp\org\ow2\asm\asm\5.0.4\asm-5.0.4.jar
2019-04-26 13:49:51.568  INFO 695696 --- [clientConnector] org.apache.zookeeper.ZooKeeper           : Client environment:java.library.path=C:\Program Files (x86)\Java\java8\bin;C:\WINDOWS\Sun\Java\bin;C:\WINDOWS\system32;C:\WINDOWS;C:\Program Files (x86)\Intel\iCLS Client\;C:\Program Files\Intel\iCLS Client\;C:\Windows\system32;C:\Windows;C:\Windows\System32\Wbem;C:\Windows\System32\WindowsPowerShell\v1.0\;C:\Program Files (x86)\Intel\Intel(R) Management Engine Components\DAL;C:\Program Files\Intel\Intel(R) Management Engine Components\DAL;C:\Program Files (x86)\Intel\Intel(R) Management Engine Components\IPT;C:\Program Files\Intel\Intel(R) Management Engine Components\IPT;C:\Program Files (x86)\NVIDIA Corporation\PhysX\Common;C:\WINDOWS\system32;C:\WINDOWS;C:\WINDOWS\System32\Wbem;C:\WINDOWS\System32\WindowsPowerShell\v1.0\;C:\Program Files (x86)\Java\java8\bin;F:\devtools\gradle-4.9\bin;F:\devtools\apache-maven-3.5.2\bin;C:\Program Files\MySQL\MySQL Utilities 1.6\;C:\WINDOWS\System32\OpenSSH\;C:\Program Files\Git\cmd;C:\Program Files\Git\bin;C:\Program Files\Git\mingw64\libexec\git-core;F:\devtools\Python37;C:\Program Files\MySQL\MySQL Server 5.7\bin;F:\devtools\gnuplot\bin;D:\Program Files (x86)\WinRAR;F:\devtools\zookeeper-3.4.14\bin;%ZOOKEEPER_HOME\conf;C:\Users\acer\AppData\Local\Microsoft\WindowsApps;;.
2019-04-26 13:49:51.568  INFO 695696 --- [clientConnector] org.apache.zookeeper.ZooKeeper           : Client environment:java.io.tmpdir=C:\Users\acer\AppData\Local\Temp\
2019-04-26 13:49:51.568  INFO 695696 --- [clientConnector] org.apache.zookeeper.ZooKeeper           : Client environment:java.compiler=<NA>
2019-04-26 13:49:51.568  INFO 695696 --- [clientConnector] org.apache.zookeeper.ZooKeeper           : Client environment:os.name=Windows 10
2019-04-26 13:49:51.568  INFO 695696 --- [clientConnector] org.apache.zookeeper.ZooKeeper           : Client environment:os.arch=amd64
2019-04-26 13:49:51.568  INFO 695696 --- [clientConnector] org.apache.zookeeper.ZooKeeper           : Client environment:os.version=10.0
2019-04-26 13:49:51.568  INFO 695696 --- [clientConnector] org.apache.zookeeper.ZooKeeper           : Client environment:user.name=acer
2019-04-26 13:49:51.569  INFO 695696 --- [clientConnector] org.apache.zookeeper.ZooKeeper           : Client environment:user.home=C:\Users\acer
2019-04-26 13:49:51.569  INFO 695696 --- [clientConnector] org.apache.zookeeper.ZooKeeper           : Client environment:user.dir=C:\Users\acer\git\avatars\avatar-service
2019-04-26 13:49:51.570  INFO 695696 --- [clientConnector] org.apache.zookeeper.ZooKeeper           : Initiating client connection, connectString=127.0.0.1:2181 sessionTimeout=30000 watcher=org.I0Itec.zkclient.ZkClient@224aead
2019-04-26 13:49:51.587  INFO 695696 --- [clientConnector] org.I0Itec.zkclient.ZkClient             : Waiting for keeper state SyncConnected
2019-04-26 13:49:51.595  INFO 695696 --- [127.0.0.1:2181)] org.apache.zookeeper.ClientCnxn          : Opening socket connection to server 127.0.0.1/127.0.0.1:2181. Will not attempt to authenticate using SASL (unknown error)
2019-04-26 13:49:51.596  INFO 695696 --- [127.0.0.1:2181)] org.apache.zookeeper.ClientCnxn          : Socket connection established to 127.0.0.1/127.0.0.1:2181, initiating session
2019-04-26 13:49:51.684  INFO 695696 --- [127.0.0.1:2181)] org.apache.zookeeper.ClientCnxn          : Session establishment complete on server 127.0.0.1/127.0.0.1:2181, sessionid = 0x1002c0be7690024, negotiated timeout = 30000
2019-04-26 13:49:51.685  INFO 695696 --- [tor-EventThread] org.I0Itec.zkclient.ZkClient             : zookeeper state changed (SyncConnected)
2019-04-26 13:49:52.618  INFO 695696 --- [    Test worker] o.s.b.a.e.web.EndpointLinksResolver      : Exposing 2 endpoint(s) beneath base path '/actuator'
2019-04-26 13:49:52.687  INFO 695696 --- [    Test worker] c.w.a.s.AvatarServiceApplicationTests    : Started AvatarServiceApplicationTests in 4.986 seconds (JVM running for 6.271)
test statting......
]]></system-out>
  <system-err><![CDATA[SLF4J: Class path contains multiple SLF4J bindings.
SLF4J: Found binding in [jar:file:/C:/mavenresp/ch/qos/logback/logback-classic/1.2.3/logback-classic-1.2.3.jar!/org/slf4j/impl/StaticLoggerBinder.class]
SLF4J: Found binding in [jar:file:/F:/devtools/gradle-4.9/caches/modules-2/files-2.1/org.slf4j/slf4j-log4j12/1.7.26/12f5c685b71c3027fd28bcf90528ec4ec74bf818/slf4j-log4j12-1.7.26.jar!/org/slf4j/impl/StaticLoggerBinder.class]
SLF4J: See http://www.slf4j.org/codes.html#multiple_bindings for an explanation.
SLF4J: Actual binding is of type [ch.qos.logback.classic.util.ContextSelectorStaticBinder]
log4j:WARN No appenders could be found for logger (com.alibaba.dubbo.common.logger.LoggerFactory).
log4j:WARN Please initialize the log4j system properly.
log4j:WARN See http://logging.apache.org/log4j/1.2/faq.html#noconfig for more info.
]]></system-err>
</testsuite>
